<?xml version='1.0' encoding='UTF-8'?>
<testsuite hostname="oscar-ThinkPad-X220" name="interpreter.LispSuite" tests="25" errors="0" failures="0" skipped="0" time="1.694" timestamp="2018-12-09T16:51:15">
                     <properties>
[...]
</properties>
                     <testcase classname="interpreter.LispSuite" name="defSugar1" time="1.363">
                                                 
                                               </testcase><testcase classname="interpreter.LispSuite" name="defSugar2" time="0.002">
                                                 
                                               </testcase><testcase classname="interpreter.LispSuite" name="defSugar3" time="0.001">
                                                 
                                               </testcase><testcase classname="interpreter.LispSuite" name="defSugar4" time="0.025">
                                                 
                                               </testcase><testcase classname="interpreter.LispSuite" name="addition" time="0.048">
                                                 
                                               </testcase><testcase classname="interpreter.LispSuite" name="caseSugar1" time="0.03">
                                                 
                                               </testcase><testcase classname="interpreter.LispSuite" name="caseSugar2" time="0.001">
                                                 
                                               </testcase><testcase classname="interpreter.LispSuite" name="caseSugar3" time="0.0">
                                                 
                                               </testcase><testcase classname="interpreter.LispSuite" name="caseSugar4" time="0.001">
                                                 
                                               </testcase><testcase classname="interpreter.LispSuite" name="caseSugar5" time="0.009">
                                                 
                                               </testcase><testcase classname="interpreter.LispSuite" name="sugar1" time="0.001">
                                                 
                                               </testcase><testcase classname="interpreter.LispSuite" name="rebuildListLisp1" time="0.065">
                                                 
                                               </testcase><testcase classname="interpreter.LispSuite" name="rebuildListLisp2" time="0.008">
                                                 
                                               </testcase><testcase classname="interpreter.LispSuite" name="rebuildListLisp3" time="0.015">
                                                 
                                               </testcase><testcase classname="interpreter.LispSuite" name="rebuildListLisp4" time="0.014">
                                                 
                                               </testcase><testcase classname="interpreter.LispSuite" name="rebuildListLisp5" time="0.015">
                                                 
                                               </testcase><testcase classname="interpreter.LispSuite" name="expr2test" time="0.001">
                                                 
                                               </testcase><testcase classname="interpreter.LispSuite" name="expr3test" time="0.007">
                                                 
                                               </testcase><testcase classname="interpreter.LispSuite" name="expr4test" time="0.008">
                                                 
                                               </testcase><testcase classname="interpreter.LispSuite" name="expr5test" time="0.026">
                                                 
                                               </testcase><testcase classname="interpreter.LispSuite" name="differencesLisp1" time="0.005">
                                                 
                                               </testcase><testcase classname="interpreter.LispSuite" name="differencesLisp2" time="0.013">
                                                 
                                               </testcase><testcase classname="interpreter.LispSuite" name="differencesLisp3" time="0.006">
                                                 
                                               </testcase><testcase classname="interpreter.LispSuite" name="differencesLisp4" time="0.004">
                                                 
                                               </testcase><testcase classname="interpreter.LispSuite" name="differencesLisp5" time="0.026">
                                                 
                                               </testcase>
                     <system-out><![CDATA[]]></system-out>
                     <system-err><![CDATA[]]></system-err>
                   </testsuite>