# JRE version: OpenJDK Runtime Environment (8.0_181-b13) (build 1.8.0_181-8u181-b13-0ubuntu0.18.04.1-b13)
# Java VM: OpenJDK 64-Bit Server VM (25.181-b13 mixed mode linux-amd64 compressed oops)
Heap:
 PSYoungGen      total 169472K, used 103834K [0x00000000ec100000, 0x00000000fe780000, 0x0000000100000000)
  eden space 60928K, 0% used [0x00000000ec100000,0x00000000ec100000,0x00000000efc80000)
  from space 108544K, 95% used [0x00000000efc80000,0x00000000f61e6a00,0x00000000f6680000)
  to   space 108544K, 0% used [0x00000000f7d80000,0x00000000f7d80000,0x00000000fe780000)
 ParOldGen       total 229888K, used 229566K [0x00000000c4200000, 0x00000000d2280000, 0x00000000ec100000)
  object space 229888K, 99% used [0x00000000c4200000,0x00000000d222f9c8,0x00000000d2280000)
 Metaspace       used 9123K, capacity 9388K, committed 9600K, reserved 1056768K
  class space    used 1199K, capacity 1318K, committed 1408K, reserved 1048576K
GC Heap History (10 events):
Event: 7,738 GC heap after
Heap after GC invocations=8 (full 3):
 PSYoungGen      total 63488K, used 0K [0x00000000ec100000, 0x00000000f6e80000, 0x0000000100000000)
  eden space 60928K, 0% used [0x00000000ec100000,0x00000000ec100000,0x00000000efc80000)
  from space 2560K, 0% used [0x00000000efd00000,0x00000000efd00000,0x00000000eff80000)
  to   space 58368K, 0% used [0x00000000f3580000,0x00000000f3580000,0x00000000f6e80000)
 ParOldGen       total 229888K, used 119391K [0x00000000c4200000, 0x00000000d2280000, 0x00000000ec100000)
  object space 229888K, 51% used [0x00000000c4200000,0x00000000cb697c18,0x00000000d2280000)
 Metaspace       used 9123K, capacity 9388K, committed 9600K, reserved 1056768K
  class space    used 1199K, capacity 1318K, committed 1408K, reserved 1048576K
}
Event: 7,761 GC heap before
{Heap before GC invocations=9 (full 3):
 PSYoungGen      total 63488K, used 60928K [0x00000000ec100000, 0x00000000f6e80000, 0x0000000100000000)
  eden space 60928K, 100% used [0x00000000ec100000,0x00000000efc80000,0x00000000efc80000)
  from space 2560K, 0% used [0x00000000efd00000,0x00000000efd00000,0x00000000eff80000)
  to   space 58368K, 0% used [0x00000000f3580000,0x00000000f3580000,0x00000000f6e80000)
 ParOldGen       total 229888K, used 119391K [0x00000000c4200000, 0x00000000d2280000, 0x00000000ec100000)
  object space 229888K, 51% used [0x00000000c4200000,0x00000000cb697c18,0x00000000d2280000)
 Metaspace       used 9123K, capacity 9388K, committed 9600K, reserved 1056768K
  class space    used 1199K, capacity 1318K, committed 1408K, reserved 1048576K
Event: 8,081 GC heap after
Heap after GC invocations=9 (full 3):
 PSYoungGen      total 104448K, used 58368K [0x00000000ec100000, 0x00000000f9a00000, 0x0000000100000000)
  eden space 46080K, 0% used [0x00000000ec100000,0x00000000ec100000,0x00000000eee00000)
  from space 58368K, 100% used [0x00000000f3580000,0x00000000f6e80000,0x00000000f6e80000)
  to   space 73216K, 0% used [0x00000000eee00000,0x00000000eee00000,0x00000000f3580000)
 ParOldGen       total 229888K, used 122031K [0x00000000c4200000, 0x00000000d2280000, 0x00000000ec100000)
  object space 229888K, 53% used [0x00000000c4200000,0x00000000cb92bc18,0x00000000d2280000)
 Metaspace       used 9123K, capacity 9388K, committed 9600K, reserved 1056768K
  class space    used 1199K, capacity 1318K, committed 1408K, reserved 1048576K
}
Event: 8,095 GC heap before
{Heap before GC invocations=10 (full 3):
 PSYoungGen      total 104448K, used 104448K [0x00000000ec100000, 0x00000000f9a00000, 0x0000000100000000)
  eden space 46080K, 100% used [0x00000000ec100000,0x00000000eee00000,0x00000000eee00000)
  from space 58368K, 100% used [0x00000000f3580000,0x00000000f6e80000,0x00000000f6e80000)
  to   space 73216K, 0% used [0x00000000eee00000,0x00000000eee00000,0x00000000f3580000)
 ParOldGen       total 229888K, used 122031K [0x00000000c4200000, 0x00000000d2280000, 0x00000000ec100000)
  object space 229888K, 53% used [0x00000000c4200000,0x00000000cb92bc18,0x00000000d2280000)
 Metaspace       used 9123K, capacity 9388K, committed 9600K, reserved 1056768K
  class space    used 1199K, capacity 1318K, committed 1408K, reserved 1048576K
Event: 8,630 GC heap after
Heap after GC invocations=10 (full 3):
 PSYoungGen      total 119296K, used 73216K [0x00000000ec100000, 0x00000000fcc80000, 0x0000000100000000)
  eden space 46080K, 0% used [0x00000000ec100000,0x00000000ec100000,0x00000000eee00000)
  from space 73216K, 100% used [0x00000000eee00000,0x00000000f3580000,0x00000000f3580000)
  to   space 104448K, 0% used [0x00000000f6680000,0x00000000f6680000,0x00000000fcc80000)
 ParOldGen       total 229888K, used 153423K [0x00000000c4200000, 0x00000000d2280000, 0x00000000ec100000)
  object space 229888K, 66% used [0x00000000c4200000,0x00000000cd7d3c18,0x00000000d2280000)
 Metaspace       used 9123K, capacity 9388K, committed 9600K, reserved 1056768K
  class space    used 1199K, capacity 1318K, committed 1408K, reserved 1048576K
}
Event: 8,657 GC heap before
{Heap before GC invocations=11 (full 3):
 PSYoungGen      total 119296K, used 119296K [0x00000000ec100000, 0x00000000fcc80000, 0x0000000100000000)
  eden space 46080K, 100% used [0x00000000ec100000,0x00000000eee00000,0x00000000eee00000)
  from space 73216K, 100% used [0x00000000eee00000,0x00000000f3580000,0x00000000f3580000)
  to   space 104448K, 0% used [0x00000000f6680000,0x00000000f6680000,0x00000000fcc80000)
 ParOldGen       total 229888K, used 153423K [0x00000000c4200000, 0x00000000d2280000, 0x00000000ec100000)
  object space 229888K, 66% used [0x00000000c4200000,0x00000000cd7d3c18,0x00000000d2280000)
 Metaspace       used 9123K, capacity 9388K, committed 9600K, reserved 1056768K
  class space    used 1199K, capacity 1318K, committed 1408K, reserved 1048576K
Event: 10,134 GC heap after
Heap after GC invocations=11 (full 3):
 PSYoungGen      total 165376K, used 104448K [0x00000000ec100000, 0x00000000fdb00000, 0x0000000100000000)
  eden space 60928K, 0% used [0x00000000ec100000,0x00000000ec100000,0x00000000efc80000)
  from space 104448K, 100% used [0x00000000f6680000,0x00000000fcc80000,0x00000000fcc80000)
  to   space 108544K, 0% used [0x00000000efc80000,0x00000000efc80000,0x00000000f6680000)
 ParOldGen       total 229888K, used 168375K [0x00000000c4200000, 0x00000000d2280000, 0x00000000ec100000)
  object space 229888K, 73% used [0x00000000c4200000,0x00000000ce66dc18,0x00000000d2280000)
 Metaspace       used 9123K, capacity 9388K, committed 9600K, reserved 1056768K
  class space    used 1199K, capacity 1318K, committed 1408K, reserved 1048576K
}
Event: 10,386 GC heap before
{Heap before GC invocations=12 (full 3):
 PSYoungGen      total 165376K, used 165376K [0x00000000ec100000, 0x00000000fdb00000, 0x0000000100000000)
  eden space 60928K, 100% used [0x00000000ec100000,0x00000000efc80000,0x00000000efc80000)
  from space 104448K, 100% used [0x00000000f6680000,0x00000000fcc80000,0x00000000fcc80000)
  to   space 108544K, 0% used [0x00000000efc80000,0x00000000efc80000,0x00000000f6680000)
 ParOldGen       total 229888K, used 168375K [0x00000000c4200000, 0x00000000d2280000, 0x00000000ec100000)
  object space 229888K, 73% used [0x00000000c4200000,0x00000000ce66dc18,0x00000000d2280000)
 Metaspace       used 9123K, capacity 9388K, committed 9600K, reserved 1056768K
  class space    used 1199K, capacity 1318K, committed 1408K, reserved 1048576K
Event: 13,023 GC heap after
Heap after GC invocations=12 (full 3):
 PSYoungGen      total 169472K, used 108544K [0x00000000ec100000, 0x00000000fe780000, 0x0000000100000000)
  eden space 60928K, 0% used [0x00000000ec100000,0x00000000ec100000,0x00000000efc80000)
  from space 108544K, 100% used [0x00000000efc80000,0x00000000f6680000,0x00000000f6680000)
  to   space 108544K, 0% used [0x00000000f7d80000,0x00000000f7d80000,0x00000000fe780000)
 ParOldGen       total 229888K, used 225455K [0x00000000c4200000, 0x00000000d2280000, 0x00000000ec100000)
  object space 229888K, 98% used [0x00000000c4200000,0x00000000d1e2bc18,0x00000000d2280000)
 Metaspace       used 9123K, capacity 9388K, committed 9600K, reserved 1056768K
  class space    used 1199K, capacity 1318K, committed 1408K, reserved 1048576K
}
Event: 13,049 GC heap before
{Heap before GC invocations=13 (full 4):
 PSYoungGen      total 169472K, used 108544K [0x00000000ec100000, 0x00000000fe780000, 0x0000000100000000)
  eden space 60928K, 0% used [0x00000000ec100000,0x00000000ec100000,0x00000000efc80000)
  from space 108544K, 100% used [0x00000000efc80000,0x00000000f6680000,0x00000000f6680000)
  to   space 108544K, 0% used [0x00000000f7d80000,0x00000000f7d80000,0x00000000fe780000)
 ParOldGen       total 229888K, used 225455K [0x00000000c4200000, 0x00000000d2280000, 0x00000000ec100000)
  object space 229888K, 98% used [0x00000000c4200000,0x00000000d1e2bc18,0x00000000d2280000)
 Metaspace       used 9123K, capacity 9388K, committed 9600K, reserved 1056768K
  class space    used 1199K, capacity 1318K, committed 1408K, reserved 1048576K

