<?xml version='1.0' encoding='UTF-8'?>
<testsuite hostname="oscar-ThinkPad-X220" name="calculator.CalculatorSuite" tests="13" errors="0" failures="0" skipped="0" time="1.14" timestamp="2018-11-25T00:05:28">
                     <properties>
[...]
</properties>
                     <testcase classname="calculator.CalculatorSuite" name="Self dependency" time="0.798">
                                                 
                                               </testcase><testcase classname="calculator.CalculatorSuite" name="tweetRemainingCharsCount with a constant signal" time="0.103">
                                                 
                                               </testcase><testcase classname="calculator.CalculatorSuite" name="When an expression changes, *only* the variables that depend on it should be recomputed" time="0.099">
                                                 
                                               </testcase><testcase classname="calculator.CalculatorSuite" name="Referencing an unknown variable should result in NaN" time="0.019">
                                                 
                                               </testcase><testcase classname="calculator.CalculatorSuite" name="If b previously depended on a, but no longer does, then it should not be recomputed anymore when a changes" time="0.018">
                                                 
                                               </testcase><testcase classname="calculator.CalculatorSuite" name="tweetRemainingCharsCount's result signal should follow the input signal" time="0.013">
                                                 
                                               </testcase><testcase classname="calculator.CalculatorSuite" name="Cyclic dependencies should result in NaN" time="0.021">
                                                 
                                               </testcase><testcase classname="calculator.CalculatorSuite" name="tweetRemainingCharsCount with a supplementary char" time="0.011">
                                                 
                                               </testcase><testcase classname="calculator.CalculatorSuite" name="Expressions corresponding to every variable should be correctly evaluated" time="0.005">
                                                 
                                               </testcase><testcase classname="calculator.CalculatorSuite" name="colorForRemainingCharsCount with a constant signal&quot;" time="0.004">
                                                 
                                               </testcase><testcase classname="calculator.CalculatorSuite" name="computeDelta test" time="0.006">
                                                 
                                               </testcase><testcase classname="calculator.CalculatorSuite" name="computeSolutions test" time="0.01">
                                                 
                                               </testcase><testcase classname="calculator.CalculatorSuite" name="When an expression changes, other variables that depend on it should be recomputed" time="0.033">
                                                 
                                               </testcase>
                     <system-out><![CDATA[]]></system-out>
                     <system-err><![CDATA[]]></system-err>
                   </testsuite>